11/05/2014 02:16:52 PM INFO Bedpost v0.1 is starting...
11/05/2014 02:17:03 PM INFO Bedpost v0.1 is starting...
11/05/2014 02:20:03 PM INFO Bedpost v0.1 is starting...
11/05/2014 02:22:03 PM INFO Bedpost v0.1 is starting...
11/05/2014 02:22:54 PM INFO Bedpost v0.1 is starting...
11/05/2014 02:23:56 PM INFO Bedpost v0.1 is starting...
11/05/2014 02:24:23 PM INFO Bedpost v0.1 is starting...
11/05/2014 02:27:53 PM INFO Bedpost v0.1 is starting...
11/05/2014 02:30:10 PM INFO Bedpost v0.1 is starting...
11/05/2014 02:36:39 PM INFO Bedpost v0.1 is starting...
11/05/2014 02:36:55 PM INFO Bedpost v0.1 is starting...
11/05/2014 02:37:13 PM INFO Bedpost v0.1 is starting...
11/05/2014 02:37:55 PM INFO Bedpost v0.1 is starting...
11/05/2014 02:38:19 PM INFO b bbgfbgffBedpost v0.1 is starting...
11/05/2014 02:38:30 PM INFO Bedpost v0.1 is starting...
11/05/2014 02:38:37 PM INFO Bedpost v0.1 is starting...
11/05/2014 02:41:35 PM INFO Bedpost v0.1 is starting...
11/05/2014 02:41:35 PM CRITICAL Configuration not found.
11/05/2014 02:41:35 PM INFO Bedpost took 0:00:00.001000 to complete.
11/05/2014 02:42:30 PM INFO Bedpost v0.1 is starting...
11/05/2014 02:42:39 PM INFO Bedpost v0.1 is starting...
11/05/2014 02:42:39 PM CRITICAL Configuration not found.
11/05/2014 02:42:39 PM INFO Bedpost took 0:00:00 to complete.
11/05/2014 02:42:50 PM INFO Bedpost v0.1 is starting...
11/05/2014 02:42:50 PM CRITICAL Configuration not found.
11/05/2014 02:42:50 PM INFO Bedpost took 0:00:00 to complete.
11/05/2014 02:44:23 PM INFO Bedpost v0.1 is starting...
11/05/2014 02:44:23 PM CRITICAL Configuration not found.
11/05/2014 02:44:23 PM INFO Bedpost took 0:00:00.001000 to complete.
11/05/2014 04:23:47 PM INFO Bedpost v0.1 is starting...
11/05/2014 05:19:19 PM INFO Bedpost v0.1 is starting...
11/05/2014 05:19:40 PM INFO Bedpost v0.1 is starting...
11/05/2014 05:19:40 PM CRdvvwITICAL Configuration not found.
11/05/2014 05:19:40 PM INFO Bedpost took 0:00:00.001000 to complete.
11/05/2014 05:21:09 PM INFO Bedpost v0.1 is starting...
11/05/2014 05:21:09 PM CRITICAL Configuration not found.
11/05/2014 05:21:09 PM INFO Bedpost took 0:00:00 to complete.
11/05/2014 05:22:42 PM INFO Bedpost v0.1 is starting...
11/05/2014 05:22:42 PM CRITICAL Configuration not found.
11/05/2014 05:22:42 PM INFO Bedpost took 0:00:00.001000 to complete.
11/05/2014 05:27:33 PM INFO Bedpost v0.1 is starting...
11/05/2014 05:27:33 PM CRITICAL Configuration not found.
11/05/2014 05:27:33 PM INFO Bedpost took 0:00:00.001000 to complete.
11/05/2014 05:27:48 PM INFO Bedpost v0.1 is starting...
11/05/2014 05:27:48 PM CRITICAL Configuration not found.
11/05/2014 05:27:48 PM INFO Bedpost took 0:00:00 to complete.
11/05/2014 05:43:04 PM INFO Bedpost v0.1 is starting...
11/05/2014 05:43:04 PM INFO Bedpost took 0:00:00.003000 to complete.
11/05/2014 05:43:25 PM INFO Bedpost v0.1 is starting...
11/05/2014 05:43:25 PM INFO Starting stage 1
11/05/2014 05:43:25 PM INFO Processing [
11/05/2014 05:43:25 PM WARNING Unable to get list of studies from [. Error 3: The system cannot find the path specified. Continuing...
11/05/2014 05:43:25 PM INFO Processing [
11/05/2014 05:43:25 PM WARNING Unable to get list of studies from [. Error 3: The system cannot find the path specified. Continuing...
11/05/2014 05:43:25 PM INFO Processing "
11/05/2014 05:43:25 PM WARNING Unable to get list of studies from ". Error 123: The filename, directory name, or volume label syntax is incorrect. Continuing...
11/05/2014 05:43:25 PM INFO Processing \
11/05/2014 05:43:25 PM INFO Copying \$Recycle.Bin
11/05/2014 05:43:25 PM INFO Done
11/05/2014 05:43:25 PM INFO Copying \.rnd
11/05/2014 05:43:25 PM INFO Done
11/05/2014 05:43:25 PM INFO Copying \Chocolatey
11/05/2014 05:43:25 PM INFO Done
11/05/2014 05:43:25 PM INFO Copying \Documents and Settings
11/05/2014 05:43:25 PM INFO Done
11/05/2014 05:43:25 PM INFO Copying \error.php
11/05/2014 05:43:25 PM INFO Done
11/05/2014 05:43:25 PM INFO Copying \HashiCorp
11/05/2014 05:43:25 PM INFO Done
11/05/2014 05:43:25 PM INFO Copying \hiberfil.sys
11/05/2014 05:43:25 PM INFO Done
11/05/2014 05:43:25 PM INFO Copying \MSOCache
11/05/2014 05:43:25 PM INFO Done
11/05/2014 05:43:25 PM INFO Copying \My Web Sites
11/05/2014 05:43:25 PM INFO Done
11/05/2014 05:43:25 PM INFO Copying \pagefile.sys
11/05/2014 05:43:25 PM INFO Done
11/05/2014 05:43:25 PM INFO Copying \PerfLogs
11/05/2014 05:43:25 PM INFO Done
11/05/2014 05:43:25 PM INFO Copying \Program Files
11/05/2014 05:43:25 PM INFO Done
11/05/2014 05:43:25 PM INFO Copying \Program Files (x86)
11/05/2014 05:43:25 PM INFO Done
11/05/2014 05:43:25 PM INFO Copying \ProgramData
11/05/2014 05:43:25 PM INFO Done
11/05/2014 05:43:25 PM INFO Copying \Python27
11/05/2014 05:43:25 PM INFO Done
11/05/2014 05:43:25 PM INFO Copying \Python34
11/05/2014 05:43:25 PM INFO Done
11/05/2014 05:43:25 PM INFO Copying \Recovery
11/05/2014 05:43:25 PM INFO Done
11/05/2014 05:43:25 PM INFO Copying \Ruby193
11/05/2014 05:43:25 PM INFO Done
11/05/2014 05:43:25 PM INFO Copying \Source
11/05/2014 05:43:25 PM INFO Done
11/05/2014 05:43:25 PM INFO Copying \srv
11/05/2014 05:43:25 PM INFO Done
11/05/2014 05:43:25 PM INFO Copying \System Volume Information
11/05/2014 05:43:25 PM INFO Done
11/05/2014 05:43:25 PM INFO Copying \Temp
11/05/2014 05:43:25 PM INFO Done
11/05/2014 05:43:25 PM INFO Copying \Users
11/05/2014 05:43:25 PM INFO Done
11/05/2014 05:43:25 PM INFO Copying \Windows
11/05/2014 05:43:25 PM INFO Done
11/05/2014 05:43:25 PM INFO Processing \
11/05/2014 05:43:25 PM INFO Copying \$Recycle.Bin
11/05/2014 05:43:25 PM INFO Done
11/05/2014 05:43:25 PM INFO Copying \.rnd
11/05/2014 05:43:25 PM INFO Done
11/05/2014 05:43:25 PM INFO Copying \Chocolatey
11/05/2014 05:43:25 PM INFO Done
11/05/2014 05:43:25 PM INFO Copying \Documents and Settings
11/05/2014 05:43:25 PM INFO Done
11/05/2014 05:43:25 PM INFO Copying \error.php
11/05/2014 05:43:25 PM INFO Done
11/05/2014 05:43:25 PM INFO Copying \HashiCorp
11/05/2014 05:43:25 PM INFO Done
11/05/2014 05:43:25 PM INFO Copying \hiberfil.sys
11/05/2014 05:43:25 PM INFO Done
11/05/2014 05:43:25 PM INFO Copying \MSOCache
11/05/2014 05:43:25 PM INFO Done
11/05/2014 05:43:25 PM INFO Copying \My Web Sites
11/05/2014 05:43:25 PM INFO Done
11/05/2014 05:43:25 PM INFO Copying \pagefile.sys
11/05/2014 05:43:25 PM INFO Done
11/05/2014 05:43:25 PM INFO Copying \PerfLogs
11/05/2014 05:43:25 PM INFO Done
11/05/2014 05:43:25 PM INFO Copying \Program Files
11/05/2014 05:43:25 PM INFO Done
11/05/2014 05:43:25 PM INFO Copying \Program Files (x86)
11/05/2014 05:43:25 PM INFO Done
11/05/2014 05:43:25 PM INFO Copying \ProgramData
11/05/2014 05:43:25 PM INFO Done
11/05/2014 05:43:25 PM INFO Copying \Python27
11/05/2014 05:43:25 PM INFO Done
11/05/2014 05:43:25 PM INFO Copying \Python34
11/05/2014 05:43:25 PM INFO Done
11/05/2014 05:43:25 PM INFO Copying \Recovery
11/05/2014 05:43:25 PM INFO Done
11/05/2014 05:43:25 PM INFO Copying \Ruby193
11/05/2014 05:43:25 PM INFO Done
11/05/2014 05:43:25 PM INFO Copying \Source
11/05/2014 05:43:25 PM INFO Done
11/05/2014 05:43:25 PM INFO Copying \srv
11/05/2014 05:43:25 PM INFO Done
11/05/2014 05:43:25 PM INFO Copying \System Volume Information
11/05/2014 05:43:25 PM INFO Done
11/05/2014 05:43:25 PM INFO Copying \Temp
11/05/2014 05:43:25 PM INFO Done
11/05/2014 05:43:25 PM INFO Copying \Users
11/05/2014 05:43:25 PM INFO Done
11/05/2014 05:43:25 PM INFO Copying \Windows
11/05/2014 05:43:25 PM INFO Done
11/05/2014 05:43:25 PM INFO Processing \
11/05/2014 05:43:25 PM INFO Copying \$Recycle.Bin
11/05/2014 05:43:25 PM INFO Done
11/05/2014 05:43:25 PM INFO Copying \.rnd
11/05/2014 05:43:25 PM INFO Done
11/05/2014 05:43:25 PM INFO Copying \Chocolatey
11/05/2014 05:43:25 PM INFO Done
11/05/2014 05:43:25 PM INFO Copying \Documents and Settings
11/05/2014 05:43:25 PM INFO Done
11/05/2014 05:43:25 PM INFO Copying \error.php
11/05/2014 05:43:25 PM INFO Done
11/05/2014 05:43:25 PM INFO Copying \HashiCorp
11/05/2014 05:43:25 PM INFO Done
11/05/2014 05:43:25 PM INFO Copying \hiberfil.sys
11/05/2014 05:43:25 PM INFO Done
11/05/2014 05:43:25 PM INFO Copying \MSOCache
11/05/2014 05:43:25 PM INFO Done
11/05/2014 05:43:25 PM INFO Copying \My Web Sites
11/05/2014 05:43:25 PM INFO Done
11/05/2014 05:43:25 PM INFO Copying \pagefile.sys
11/05/2014 05:43:25 PM INFO Done
11/05/2014 05:43:25 PM INFO Copying \PerfLogs
11/05/2014 05:43:25 PM INFO Done
11/05/2014 05:43:25 PM INFO Copying \Program Files
11/05/2014 05:43:25 PM INFO Done
11/05/2014 05:43:25 PM INFO Copying \Program Files (x86)
11/05/2014 05:43:25 PM INFO Done
11/05/2014 05:43:25 PM INFO Copying \ProgramData
11/05/2014 05:43:25 PM INFO Done
11/05/2014 05:43:25 PM INFO Copying \Python27
11/05/2014 05:43:25 PM INFO Done
11/05/2014 05:43:25 PM INFO Copying \Python34
11/05/2014 05:43:25 PM INFO Done
11/05/2014 05:43:25 PM INFO Copying \Recovery
11/05/2014 05:43:25 PM INFO Done
11/05/2014 05:43:25 PM INFO Copying \Ruby193
11/05/2014 05:43:25 PM INFO Done
11/05/2014 05:43:25 PM INFO Copying \Source
11/05/2014 05:43:25 PM INFO Done
11/05/2014 05:43:25 PM INFO Copying \srv
11/05/2014 05:43:25 PM INFO Done
11/05/2014 05:43:25 PM INFO Copying \System Volume Information
11/05/2014 05:43:25 PM INFO Done
11/05/2014 05:43:25 PM INFO Copying \Temp
11/05/2014 05:43:25 PM INFO Done
11/05/2014 05:43:25 PM INFO Copying \Users
11/05/2014 05:43:25 PM INFO Done
11/05/2014 05:43:25 PM INFO Copying \Windows
11/05/2014 05:43:25 PM INFO Done
11/05/2014 05:43:25 PM INFO Processing \
11/05/2014 05:43:25 PM INFO Copying \$Recycle.Bin
11/05/2014 05:43:25 PM INFO Done
11/05/2014 05:43:25 PM INFO Copying \.rnd
11/05/2014 05:43:25 PM INFO Done
11/05/2014 05:43:25 PM INFO Copying \Chocolatey
11/05/2014 05:43:25 PM INFO Done
11/05/2014 05:43:25 PM INFO Copying \Documents and Settings
11/05/2014 05:43:25 PM INFO Done
11/05/2014 05:43:25 PM INFO Copying \error.php
11/05/2014 05:43:25 PM INFO Done
11/05/2014 05:43:25 PM INFO Copying \HashiCorp
11/05/2014 05:43:25 PM INFO Done
11/05/2014 05:43:25 PM INFO Copying \hiberfil.sys
11/05/2014 05:43:25 PM INFO Done
11/05/2014 05:43:25 PM INFO Copying \MSOCache
11/05/2014 05:43:25 PM INFO Done
11/05/2014 05:43:25 PM INFO Copying \My Web Sites
11/05/2014 05:43:25 PM INFO Done
11/05/2014 05:43:25 PM INFO Copying \pagefile.sys
11/05/2014 05:43:25 PM INFO Done
11/05/2014 05:43:25 PM INFO Copying \PerfLogs
11/05/2014 05:43:25 PM INFO Done
11/05/2014 05:43:25 PM INFO Copying \Program Files
11/05/2014 05:43:25 PM INFO Done
11/05/2014 05:43:25 PM INFO Copying \Program Files (x86)
11/05/2014 05:43:25 PM INFO Done
11/05/2014 05:43:25 PM INFO Copying \ProgramData
11/05/2014 05:43:25 PM INFO Done
11/05/2014 05:43:25 PM INFO Copying \Python27
11/05/2014 05:43:25 PM INFO Done
11/05/2014 05:43:25 PM INFO Copying \Python34
11/05/2014 05:43:25 PM INFO Done
11/05/2014 05:43:25 PM INFO Copying \Recovery
11/05/2014 05:43:25 PM INFO Done
11/05/2014 05:43:25 PM INFO Copying \Ruby193
11/05/2014 05:43:25 PM INFO Done
11/05/2014 05:43:25 PM INFO Copying \Source
11/05/2014 05:43:25 PM INFO Done
11/05/2014 05:43:25 PM INFO Copying \srv
11/05/2014 05:43:25 PM INFO Done
11/05/2014 05:43:25 PM INFO Copying \System Volume Information
11/05/2014 05:43:25 PM INFO Done
11/05/2014 05:43:25 PM INFO Copying \Temp
11/05/2014 05:43:25 PM INFO Done
11/05/2014 05:43:25 PM INFO Copying \Users
11/05/2014 05:43:25 PM INFO Done
11/05/2014 05:43:25 PM INFO Copying \Windows
11/05/2014 05:43:25 PM INFO Done
11/05/2014 05:43:25 PM INFO Processing b
11/05/2014 05:43:25 PM WARNING Unable to get list of studies from b. Error 3: The system cannot find the path specified. Continuing...
11/05/2014 05:43:25 PM INFO Processing e
11/05/2014 05:43:25 PM WARNING Unable to get list of studies from e. Error 3: The system cannot find the path specified. Continuing...
11/05/2014 05:43:25 PM INFO Processing d
11/05/2014 05:43:25 PM WARNING Unable to get list of studies from d. Error 3: The system cannot find the path specified. Continuing...
11/05/2014 05:43:25 PM INFO Processing 4
11/05/2014 05:43:25 PM WARNING Unable to get list of studies from 4. Error 3: The system cannot find the path specified. Continuing...
11/05/2014 05:43:25 PM INFO Processing \
11/05/2014 05:43:25 PM INFO Copying \$Recycle.Bin
11/05/2014 05:43:25 PM INFO Done
11/05/2014 05:43:25 PM INFO Copying \.rnd
11/05/2014 05:43:25 PM INFO Done
11/05/2014 05:43:25 PM INFO Copying \Chocolatey
11/05/2014 05:43:25 PM INFO Done
11/05/2014 05:43:25 PM INFO Copying \Documents and Settings
11/05/2014 05:43:25 PM INFO Done
11/05/2014 05:43:25 PM INFO Copying \error.php
11/05/2014 05:43:25 PM INFO Done
11/05/2014 05:43:25 PM INFO Copying \HashiCorp
11/05/2014 05:43:25 PM INFO Done
11/05/2014 05:43:25 PM INFO Copying \hiberfil.sys
11/05/2014 05:43:25 PM INFO Done
11/05/2014 05:43:25 PM INFO Copying \MSOCache
11/05/2014 05:43:25 PM INFO Done
11/05/2014 05:43:25 PM INFO Copying \My Web Sites
11/05/2014 05:43:25 PM INFO Done
11/05/2014 05:43:25 PM INFO Copying \pagefile.sys
11/05/2014 05:43:25 PM INFO Done
11/05/2014 05:43:25 PM INFO Copying \PerfLogs
11/05/2014 05:43:25 PM INFO Done
11/05/2014 05:43:25 PM INFO Copying \Program Files
11/05/2014 05:43:25 PM INFO Done
11/05/2014 05:43:25 PM INFO Copying \Program Files (x86)
11/05/2014 05:43:25 PM INFO Done
11/05/2014 05:43:25 PM INFO Copying \ProgramData
11/05/2014 05:43:25 PM INFO Done
11/05/2014 05:43:25 PM INFO Copying \Python27
11/05/2014 05:43:25 PM INFO Done
11/05/2014 05:43:25 PM INFO Copying \Python34
11/05/2014 05:43:25 PM INFO Done
11/05/2014 05:43:25 PM INFO Copying \Recovery
11/05/2014 05:43:25 PM INFO Done
11/05/2014 05:43:25 PM INFO Copying \Ruby193
11/05/2014 05:43:25 PM INFO Done
11/05/2014 05:43:25 PM INFO Copying \Source
11/05/2014 05:43:25 PM INFO Done
11/05/2014 05:43:25 PM INFO Copying \srv
11/05/2014 05:43:25 PM INFO Done
11/05/2014 05:43:25 PM INFO Copying \System Volume Information
11/05/2014 05:43:25 PM INFO Done
11/05/2014 05:43:25 PM INFO Copying \Temp
11/05/2014 05:43:25 PM INFO Done
11/05/2014 05:43:25 PM INFO Copying \Users
11/05/2014 05:43:25 PM INFO Done
11/05/2014 05:43:25 PM INFO Copying \Windows
11/05/2014 05:43:25 PM INFO Done
11/05/2014 05:43:25 PM INFO Processing \
11/05/2014 05:43:25 PM INFO Copying \$Recycle.Bin
11/05/2014 05:43:25 PM INFO Done
11/05/2014 05:43:25 PM INFO Copying \.rnd
11/05/2014 05:43:25 PM INFO Done
11/05/2014 05:43:25 PM INFO Copying \Chocolatey
11/05/2014 05:43:25 PM INFO Done
11/05/2014 05:43:25 PM INFO Copying \Documents and Settings
11/05/2014 05:43:25 PM INFO Done
11/05/2014 05:43:25 PM INFO Copying \error.php
11/05/2014 05:43:25 PM INFO Done
11/05/2014 05:43:25 PM INFO Copying \HashiCorp
11/05/2014 05:43:25 PM INFO Done
11/05/2014 05:43:25 PM INFO Copying \hiberfil.sys
11/05/2014 05:43:25 PM INFO Done
11/05/2014 05:43:25 PM INFO Copying \MSOCache
11/05/2014 05:43:25 PM INFO Done
11/05/2014 05:43:25 PM INFO Copying \My Web Sites
11/05/2014 05:43:25 PM INFO Done
11/05/2014 05:43:25 PM INFO Copying \pagefile.sys
11/05/2014 05:43:25 PM INFO Done
11/05/2014 05:43:25 PM INFO Copying \PerfLogs
11/05/2014 05:43:25 PM INFO Done
11/05/2014 05:43:25 PM INFO Copying \Program Files
11/05/2014 05:43:25 PM INFO Done
11/05/2014 05:43:25 PM INFO Copying \Program Files (x86)
11/05/2014 05:43:25 PM INFO Done
11/05/2014 05:43:25 PM INFO Copying \ProgramData
11/05/2014 05:43:25 PM INFO Done
11/05/2014 05:43:25 PM INFO Copying \Python27
11/05/2014 05:43:25 PM INFO Done
11/05/2014 05:43:25 PM INFO Copying \Python34
11/05/2014 05:43:25 PM INFO Done
11/05/2014 05:43:25 PM INFO Copying \Recovery
11/05/2014 05:43:25 PM INFO Done
11/05/2014 05:43:25 PM INFO Copying \Ruby193
11/05/2014 05:43:25 PM INFO Done
11/05/2014 05:43:25 PM INFO Copying \Source
11/05/2014 05:43:25 PM INFO Done
11/05/2014 05:43:25 PM INFO Copying \srv
11/05/2014 05:43:25 PM INFO Done
11/05/2014 05:43:25 PM INFO Copying \System Volume Information
11/05/2014 05:43:25 PM INFO Done
11/05/2014 05:43:25 PM INFO Copying \Temp
11/05/2014 05:43:25 PM INFO Done
11/05/2014 05:43:25 PM INFO Copying \Users
11/05/2014 05:43:25 PM INFO Done
11/05/2014 05:43:25 PM INFO Copying \Windows
11/05/2014 05:43:25 PM INFO Done
11/05/2014 05:43:25 PM INFO Processing t
11/05/2014 05:43:25 PM WARNING Unable to get list of studies from t. Error 3: The system cannot find the path specified. Continuing...
11/05/2014 05:43:25 PM INFO Processing e
11/05/2014 05:43:25 PM WARNING Unable to get list of studies from e. Error 3: The system cannot find the path specified. Continuing...
11/05/2014 05:43:25 PM INFO Processing s
11/05/2014 05:43:25 PM WARNING Unable to get list of studies from s. Error 3: The system cannot find the path specified. Continuing...
11/05/2014 05:43:25 PM INFO Processing t
11/05/2014 05:43:25 PM WARNING Unable to get list of studies from t. Error 3: The system cannot find the path specified. Continuing...
11/05/2014 05:43:25 PM INFO Processing d
11/05/2014 05:43:25 PM WARNING Unable to get list of studies from d. Error 3: The system cannot find the path specified. Continuing...
11/05/2014 05:43:25 PM INFO Processing a
11/05/2014 05:43:25 PM WARNING Unable to get list of studies from a. Error 3: The system cannot find the path specified. Continuing...
11/05/2014 05:43:25 PM INFO Processing t
11/05/2014 05:43:25 PM WARNING Unable to get list of studies from t. Error 3: The system cannot find the path specified. Continuing...
11/05/2014 05:43:25 PM INFO Processing a
11/05/2014 05:43:25 PM WARNING Unable to get list of studies from a. Error 3: The system cannot find the path specified. Continuing...
11/05/2014 05:43:25 PM INFO Processing "
11/05/2014 05:43:25 PM WARNING Unable to get list of studies from ". Error 123: The filename, directory name, or volume label syntax is incorrect. Continuing...
11/05/2014 05:43:25 PM INFO Processing ]
11/05/2014 05:43:25 PM WARNING Unable to get list of studies from ]. Error 3: The system cannot find the path specified. Continuing...
11/05/2014 05:43:25 PM INFO Processing ,
11/05/2014 05:43:25 PM WARNING Unable to get list of studies from ,. Error 3: The system cannot find the path specified. Continuing...
11/05/2014 05:43:25 PM INFO Processing  
11/05/2014 05:43:25 PM WARNING Unable to get list of studies from  . Error 3: The system cannot find the path specified. Continuing...
11/05/2014 05:43:25 PM INFO Processing [
11/05/2014 05:43:25 PM WARNING Unable to get list of studies from [. Error 3: The system cannot find the path specified. Continuing...
11/05/2014 05:43:25 PM INFO Processing "
11/05/2014 05:43:25 PM WARNING Unable to get list of studies from ". Error 123: The filename, directory name, or volume label syntax is incorrect. Continuing...
11/05/2014 05:43:25 PM INFO Processing \
11/05/2014 05:43:25 PM INFO Copying \$Recycle.Bin
11/05/2014 05:43:25 PM INFO Done
11/05/2014 05:43:25 PM INFO Copying \.rnd
11/05/2014 05:43:25 PM INFO Done
11/05/2014 05:43:25 PM INFO Copying \Chocolatey
11/05/2014 05:43:25 PM INFO Done
11/05/2014 05:43:25 PM INFO Copying \Documents and Settings
11/05/2014 05:43:25 PM INFO Done
11/05/2014 05:43:25 PM INFO Copying \error.php
11/05/2014 05:43:25 PM INFO Done
11/05/2014 05:43:25 PM INFO Copying \HashiCorp
11/05/2014 05:43:25 PM INFO Done
11/05/2014 05:43:25 PM INFO Copying \hiberfil.sys
11/05/2014 05:43:25 PM INFO Done
11/05/2014 05:43:25 PM INFO Copying \MSOCache
11/05/2014 05:43:25 PM INFO Done
11/05/2014 05:43:25 PM INFO Copying \My Web Sites
11/05/2014 05:43:25 PM INFO Done
11/05/2014 05:43:25 PM INFO Copying \pagefile.sys
11/05/2014 05:43:25 PM INFO Done
11/05/2014 05:43:25 PM INFO Copying \PerfLogs
11/05/2014 05:43:25 PM INFO Done
11/05/2014 05:43:25 PM INFO Copying \Program Files
11/05/2014 05:43:25 PM INFO Done
11/05/2014 05:43:25 PM INFO Copying \Program Files (x86)
11/05/2014 05:43:25 PM INFO Done
11/05/2014 05:43:25 PM INFO Copying \ProgramData
11/05/2014 05:43:25 PM INFO Done
11/05/2014 05:43:25 PM INFO Copying \Python27
11/05/2014 05:43:25 PM INFO Done
11/05/2014 05:43:25 PM INFO Copying \Python34
11/05/2014 05:43:25 PM INFO Done
11/05/2014 05:43:25 PM INFO Copying \Recovery
11/05/2014 05:43:25 PM INFO Done
11/05/2014 05:43:25 PM INFO Copying \Ruby193
11/05/2014 05:43:25 PM INFO Done
11/05/2014 05:43:25 PM INFO Copying \Source
11/05/2014 05:43:25 PM INFO Done
11/05/2014 05:43:25 PM INFO Copying \srv
11/05/2014 05:43:25 PM INFO Done
11/05/2014 05:43:25 PM INFO Copying \System Volume Information
11/05/2014 05:43:25 PM INFO Done
11/05/2014 05:43:25 PM INFO Copying \Temp
11/05/2014 05:43:25 PM INFO Done
11/05/2014 05:43:25 PM INFO Copying \Users
11/05/2014 05:43:25 PM INFO Done
11/05/2014 05:43:25 PM INFO Copying \Windows
11/05/2014 05:43:25 PM INFO Done
11/05/2014 05:43:25 PM INFO Processing \
11/05/2014 05:43:25 PM INFO Copying \$Recycle.Bin
11/05/2014 05:43:25 PM INFO Done
11/05/2014 05:43:25 PM INFO Copying \.rnd
11/05/2014 05:43:25 PM INFO Done
11/05/2014 05:43:25 PM INFO Copying \Chocolatey
11/05/2014 05:43:25 PM INFO Done
11/05/2014 05:43:25 PM INFO Copying \Documents and Settings
11/05/2014 05:43:25 PM INFO Done
11/05/2014 05:43:25 PM INFO Copying \error.php
11/05/2014 05:43:25 PM INFO Done
11/05/2014 05:43:25 PM INFO Copying \HashiCorp
11/05/2014 05:43:25 PM INFO Done
11/05/2014 05:43:25 PM INFO Copying \hiberfil.sys
11/05/2014 05:43:25 PM INFO Done
11/05/2014 05:43:25 PM INFO Copying \MSOCache
11/05/2014 05:43:25 PM INFO Done
11/05/2014 05:43:25 PM INFO Copying \My Web Sites
11/05/2014 05:43:25 PM INFO Done
11/05/2014 05:43:25 PM INFO Copying \pagefile.sys
11/05/2014 05:43:25 PM INFO Done
11/05/2014 05:43:25 PM INFO Copying \PerfLogs
11/05/2014 05:43:25 PM INFO Done
11/05/2014 05:43:25 PM INFO Copying \Program Files
11/05/2014 05:43:25 PM INFO Done
11/05/2014 05:43:25 PM INFO Copying \Program Files (x86)
11/05/2014 05:43:25 PM INFO Done
11/05/2014 05:43:25 PM INFO Copying \ProgramData
11/05/2014 05:43:25 PM INFO Done
11/05/2014 05:43:25 PM INFO Copying \Python27
11/05/2014 05:43:25 PM INFO Done
11/05/2014 05:43:25 PM INFO Copying \Python34
11/05/2014 05:43:25 PM INFO Done
11/05/2014 05:43:25 PM INFO Copying \Recovery
11/05/2014 05:43:25 PM INFO Done
11/05/2014 05:43:25 PM INFO Copying \Ruby193
11/05/2014 05:43:25 PM INFO Done
11/05/2014 05:43:25 PM INFO Copying \Source
11/05/2014 05:43:25 PM INFO Done
11/05/2014 05:43:25 PM INFO Copying \srv
11/05/2014 05:43:25 PM INFO Done
11/05/2014 05:43:25 PM INFO Copying \System Volume Information
11/05/2014 05:43:25 PM INFO Done
11/05/2014 05:43:25 PM INFO Copying \Temp
11/05/2014 05:43:26 PM INFO Done
11/05/2014 05:43:26 PM INFO Copying \Users
11/05/2014 05:43:26 PM INFO Done
11/05/2014 05:43:26 PM INFO Copying \Windows
11/05/2014 05:43:26 PM INFO Done
11/05/2014 05:43:26 PM INFO Processing \
11/05/2014 05:43:26 PM INFO Copying \$Recycle.Bin
11/05/2014 05:43:26 PM INFO Done
11/05/2014 05:43:26 PM INFO Copying \.rnd
11/05/2014 05:43:26 PM INFO Done
11/05/2014 05:43:26 PM INFO Copying \Chocolatey
11/05/2014 05:43:26 PM INFO Done
11/05/2014 05:43:26 PM INFO Copying \Documents and Settings
11/05/2014 05:43:26 PM INFO Done
11/05/2014 05:43:26 PM INFO Copying \error.php
11/05/2014 05:43:26 PM INFO Done
11/05/2014 05:43:26 PM INFO Copying \HashiCorp
11/05/2014 05:43:26 PM INFO Done
11/05/2014 05:43:26 PM INFO Copying \hiberfil.sys
11/05/2014 05:43:26 PM INFO Done
11/05/2014 05:43:26 PM INFO Copying \MSOCache
11/05/2014 05:43:26 PM INFO Done
11/05/2014 05:43:26 PM INFO Copying \My Web Sites
11/05/2014 05:43:26 PM INFO Done
11/05/2014 05:43:26 PM INFO Copying \pagefile.sys
11/05/2014 05:43:26 PM INFO Done
11/05/2014 05:43:26 PM INFO Copying \PerfLogs
11/05/2014 05:43:26 PM INFO Done
11/05/2014 05:43:26 PM INFO Copying \Program Files
11/05/2014 05:43:26 PM INFO Done
11/05/2014 05:43:26 PM INFO Copying \Program Files (x86)
11/05/2014 05:43:26 PM INFO Done
11/05/2014 05:43:26 PM INFO Copying \ProgramData
11/05/2014 05:43:26 PM INFO Done
11/05/2014 05:43:26 PM INFO Copying \Python27
11/05/2014 05:43:26 PM INFO Done
11/05/2014 05:43:26 PM INFO Copying \Python34
11/05/2014 05:43:26 PM INFO Done
11/05/2014 05:43:26 PM INFO Copying \Recovery
11/05/2014 05:43:26 PM INFO Done
11/05/2014 05:43:26 PM INFO Copying \Ruby193
11/05/2014 05:43:26 PM INFO Done
11/05/2014 05:43:26 PM INFO Copying \Source
11/05/2014 05:43:26 PM INFO Done
11/05/2014 05:43:26 PM INFO Copying \srv
11/05/2014 05:43:26 PM INFO Done
11/05/2014 05:43:26 PM INFO Copying \System Volume Information
11/05/2014 05:43:26 PM INFO Done
11/05/2014 05:43:26 PM INFO Copying \Temp
11/05/2014 05:43:26 PM INFO Done
11/05/2014 05:43:26 PM INFO Copying \Users
11/05/2014 05:43:26 PM INFO Done
11/05/2014 05:43:26 PM INFO Copying \Windows
11/05/2014 05:43:26 PM INFO Done
11/05/2014 05:43:26 PM INFO Processing \
11/05/2014 05:43:26 PM INFO Copying \$Recycle.Bin
11/05/2014 05:43:26 PM INFO Done
11/05/2014 05:43:26 PM INFO Copying \.rnd
11/05/2014 05:43:26 PM INFO Done
11/05/2014 05:43:26 PM INFO Copying \Chocolatey
11/05/2014 05:43:26 PM INFO Done
11/05/2014 05:43:26 PM INFO Copying \Documents and Settings
11/05/2014 05:43:26 PM INFO Done
11/05/2014 05:43:26 PM INFO Copying \error.php
11/05/2014 05:43:26 PM INFO Done
11/05/2014 05:43:26 PM INFO Copying \HashiCorp
11/05/2014 05:43:26 PM INFO Done
11/05/2014 05:43:26 PM INFO Copying \hiberfil.sys
11/05/2014 05:43:26 PM INFO Done
11/05/2014 05:43:26 PM INFO Copying \MSOCache
11/05/2014 05:43:26 PM INFO Done
11/05/2014 05:43:26 PM INFO Copying \My Web Sites
11/05/2014 05:43:26 PM INFO Done
11/05/2014 05:43:26 PM INFO Copying \pagefile.sys
11/05/2014 05:43:26 PM INFO Done
11/05/2014 05:43:26 PM INFO Copying \PerfLogs
11/05/2014 05:43:26 PM INFO Done
11/05/2014 05:43:26 PM INFO Copying \Program Files
11/05/2014 05:43:26 PM INFO Done
11/05/2014 05:43:26 PM INFO Copying \Program Files (x86)
11/05/2014 05:43:26 PM INFO Done
11/05/2014 05:43:26 PM INFO Copying \ProgramData
11/05/2014 05:43:26 PM INFO Done
11/05/2014 05:43:26 PM INFO Copying \Python27
11/05/2014 05:43:26 PM INFO Done
11/05/2014 05:43:26 PM INFO Copying \Python34
11/05/2014 05:43:26 PM INFO Done
11/05/2014 05:43:26 PM INFO Copying \Recovery
11/05/2014 05:43:26 PM INFO Done
11/05/2014 05:43:26 PM INFO Copying \Ruby193
11/05/2014 05:43:26 PM INFO Done
11/05/2014 05:43:26 PM INFO Copying \Source
11/05/2014 05:43:26 PM INFO Done
11/05/2014 05:43:26 PM INFO Copying \srv
11/05/2014 05:43:26 PM INFO Done
11/05/2014 05:43:26 PM INFO Copying \System Volume Information
11/05/2014 05:43:26 PM INFO Done
11/05/2014 05:43:26 PM INFO Copying \Temp
11/05/2014 05:43:26 PM INFO Done
11/05/2014 05:43:26 PM INFO Copying \Users
11/05/2014 05:43:26 PM INFO Done
11/05/2014 05:43:26 PM INFO Copying \Windows
11/05/2014 05:43:26 PM INFO Done
11/05/2014 05:43:26 PM INFO Processing b
11/05/2014 05:43:26 PM WARNING Unable to get list of studies from b. Error 3: The system cannot find the path specified. Continuing...
11/05/2014 05:43:26 PM INFO Processing e
11/05/2014 05:43:26 PM WARNING Unable to get list of studies from e. Error 3: The system cannot find the path specified. Continuing...
11/05/2014 05:43:26 PM INFO Processing d
11/05/2014 05:43:26 PM WARNING Unable to get list of studies from d. Error 3: The system cannot find the path specified. Continuing...
11/05/2014 05:43:26 PM INFO Processing 4
11/05/2014 05:43:26 PM WARNING Unable to get list of studies from 4. Error 3: The system cannot find the path specified. Continuing...
11/05/2014 05:43:26 PM INFO Processing \
11/05/2014 05:43:26 PM INFO Copying \$Recycle.Bin
11/05/2014 05:43:26 PM INFO Done
11/05/2014 05:43:26 PM INFO Copying \.rnd
11/05/2014 05:43:26 PM INFO Done
11/05/2014 05:43:26 PM INFO Copying \Chocolatey
11/05/2014 05:43:26 PM INFO Done
11/05/2014 05:43:26 PM INFO Copying \Documents and Settings
11/05/2014 05:43:26 PM INFO Done
11/05/2014 05:43:26 PM INFO Copying \error.php
11/05/2014 05:43:26 PM INFO Done
11/05/2014 05:43:26 PM INFO Copying \HashiCorp
11/05/2014 05:43:26 PM INFO Done
11/05/2014 05:43:26 PM INFO Copying \hiberfil.sys
11/05/2014 05:43:26 PM INFO Done
11/05/2014 05:43:26 PM INFO Copying \MSOCache
11/05/2014 05:43:26 PM INFO Done
11/05/2014 05:43:26 PM INFO Copying \My Web Sites
11/05/2014 05:43:26 PM INFO Done
11/05/2014 05:43:26 PM INFO Copying \pagefile.sys
11/05/2014 05:43:26 PM INFO Done
11/05/2014 05:43:26 PM INFO Copying \PerfLogs
11/05/2014 05:43:26 PM INFO Done
11/05/2014 05:43:26 PM INFO Copying \Program Files
11/05/2014 05:43:26 PM INFO Done
11/05/2014 05:43:26 PM INFO Copying \Program Files (x86)
11/05/2014 05:43:26 PM INFO Done
11/05/2014 05:43:26 PM INFO Copying \ProgramData
11/05/2014 05:43:26 PM INFO Done
11/05/2014 05:43:26 PM INFO Copying \Python27
11/05/2014 05:43:26 PM INFO Done
11/05/2014 05:43:26 PM INFO Copying \Python34
11/05/2014 05:43:26 PM INFO Done
11/05/2014 05:43:26 PM INFO Copying \Recovery
11/05/2014 05:43:26 PM INFO Done
11/05/2014 05:43:26 PM INFO Copying \Ruby193
11/05/2014 05:43:26 PM INFO Done
11/05/2014 05:43:26 PM INFO Copying \Source
11/05/2014 05:43:26 PM INFO Done
11/05/2014 05:43:26 PM INFO Copying \srv
11/05/2014 05:43:26 PM INFO Done
11/05/2014 05:43:26 PM INFO Copying \System Volume Information
11/05/2014 05:43:26 PM INFO Done
11/05/2014 05:43:26 PM INFO Copying \Temp
11/05/2014 05:43:26 PM INFO Done
11/05/2014 05:43:26 PM INFO Copying \Users
11/05/2014 05:43:26 PM INFO Done
11/05/2014 05:43:26 PM INFO Copying \Windows
11/05/2014 05:43:26 PM INFO Done
11/05/2014 05:43:26 PM INFO Processing \
11/05/2014 05:43:26 PM INFO Copying \$Recycle.Bin
11/05/2014 05:43:26 PM INFO Done
11/05/2014 05:43:26 PM INFO Copying \.rnd
11/05/2014 05:43:26 PM INFO Done
11/05/2014 05:43:26 PM INFO Copying \Chocolatey
11/05/2014 05:43:26 PM INFO Done
11/05/2014 05:43:26 PM INFO Copying \Documents and Settings
11/05/2014 05:43:26 PM INFO Done
11/05/2014 05:43:26 PM INFO Copying \error.php
11/05/2014 05:43:26 PM INFO Done
11/05/2014 05:43:26 PM INFO Copying \HashiCorp
11/05/2014 05:43:26 PM INFO Done
11/05/2014 05:43:26 PM INFO Copying \hiberfil.sys
11/05/2014 05:43:26 PM INFO Done
11/05/2014 05:43:26 PM INFO Copying \MSOCache
11/05/2014 05:43:26 PM INFO Done
11/05/2014 05:43:26 PM INFO Copying \My Web Sites
11/05/2014 05:43:26 PM INFO Done
11/05/2014 05:43:26 PM INFO Copying \pagefile.sys
11/05/2014 05:43:26 PM INFO Done
11/05/2014 05:43:26 PM INFO Copying \PerfLogs
11/05/2014 05:43:26 PM INFO Done
11/05/2014 05:43:26 PM INFO Copying \Program Files
11/05/2014 05:43:26 PM INFO Done
11/05/2014 05:43:26 PM INFO Copying \Program Files (x86)
11/05/2014 05:43:26 PM INFO Done
11/05/2014 05:43:26 PM INFO Copying \ProgramData
11/05/2014 05:43:26 PM INFO Done
11/05/2014 05:43:26 PM INFO Copying \Python27
11/05/2014 05:43:26 PM INFO Done
11/05/2014 05:43:26 PM INFO Copying \Python34
11/05/2014 05:43:26 PM INFO Done
11/05/2014 05:43:26 PM INFO Copying \Recovery
11/05/2014 05:43:26 PM INFO Done
11/05/2014 05:43:26 PM INFO Copying \Ruby193
11/05/2014 05:43:26 PM INFO Done
11/05/2014 05:43:26 PM INFO Copying \Source
11/05/2014 05:43:26 PM INFO Done
11/05/2014 05:43:26 PM INFO Copying \srv
11/05/2014 05:43:26 PM INFO Done
11/05/2014 05:43:26 PM INFO Copying \System Volume Information
11/05/2014 05:43:26 PM INFO Done
11/05/2014 05:43:26 PM INFO Copying \Temp
11/05/2014 05:43:26 PM INFO Done
11/05/2014 05:43:26 PM INFO Copying \Users
11/05/2014 05:43:26 PM INFO Done
11/05/2014 05:43:26 PM INFO Copying \Windows
11/05/2014 05:43:26 PM INFO Done
11/05/2014 05:43:26 PM INFO Processing t
11/05/2014 05:43:26 PM WARNING Unable to get list of studies from t. Error 3: The system cannot find the path specified. Continuing...
11/05/2014 05:43:26 PM INFO Processing e
11/05/2014 05:43:26 PM WARNING Unable to get list of studies from e. Error 3: The system cannot find the path specified. Continuing...
11/05/2014 05:43:26 PM INFO Processing s
11/05/2014 05:43:26 PM WARNING Unable to get list of studies from s. Error 3: The system cannot find the path specified. Continuing...
11/05/2014 05:43:26 PM INFO Processing t
11/05/2014 05:43:26 PM WARNING Unable to get list of studies from t. Error 3: The system cannot find the path specified. Continuing...
11/05/2014 05:43:26 PM INFO Processing d
11/05/2014 05:43:26 PM WARNING Unable to get list of studies from d. Error 3: The system cannot find the path specified. Continuing...
11/05/2014 05:43:26 PM INFO Processing a
11/05/2014 05:43:26 PM WARNING Unable to get list of studies from a. Error 3: The system cannot find the path specified. Continuing...
11/05/2014 05:43:26 PM INFO Processing t
11/05/2014 05:43:26 PM WARNING Unable to get list of studies from t. Error 3: The system cannot find the path specified. Continuing...
11/05/2014 05:43:26 PM INFO Processing a
11/05/2014 05:43:26 PM WARNING Unable to get list of studies from a. Error 3: The system cannot find the path specified. Continuing...
11/05/2014 05:43:26 PM INFO Processing "
11/05/2014 05:43:26 PM WARNING Unable to get list of studies from ". Error 123: The filename, directory name, or volume label syntax is incorrect. Continuing...
11/05/2014 05:43:26 PM INFO Processing ]
11/05/2014 05:43:26 PM WARNING Unable to get list of studies from ]. Error 3: The system cannot find the path specified. Continuing...
11/05/2014 05:43:26 PM INFO Processing ,
11/05/2014 05:43:26 PM WARNING Unable to get list of studies from ,. Error 3: The system cannot find the path specified. Continuing...
11/05/2014 05:43:26 PM INFO Processing  
11/05/2014 05:43:26 PM WARNING Unable to get list of studies from  . Error 3: The system cannot find the path specified. Continuing...
11/05/2014 05:43:26 PM INFO Processing [
11/05/2014 05:43:26 PM WARNING Unable to get list of studies from [. Error 3: The system cannot find the path specified. Continuing...
11/05/2014 05:43:26 PM INFO Processing "
11/05/2014 05:43:26 PM WARNING Unable to get list of studies from ". Error 123: The filename, directory name, or volume label syntax is incorrect. Continuing...
11/05/2014 05:43:26 PM INFO Processing a
11/05/2014 05:43:26 PM WARNING Unable to get list of studies from a. Error 3: The system cannot find the path specified. Continuing...
11/05/2014 05:43:26 PM INFO Processing h
11/05/2014 05:43:26 PM WARNING Unable to get list of studies from h. Error 3: The system cannot find the path specified. Continuing...
11/05/2014 05:43:26 PM INFO Processing a
11/05/2014 05:43:26 PM WARNING Unable to get list of studies from a. Error 3: The system cannot find the path specified. Continuing...
11/05/2014 05:43:26 PM INFO Processing "
11/05/2014 05:43:26 PM WARNING Unable to get list of studies from ". Error 123: The filename, directory name, or volume label syntax is incorrect. Continuing...
11/05/2014 05:43:26 PM INFO Processing ]
11/05/2014 05:43:26 PM WARNING Unable to get list of studies from ]. Error 3: The system cannot find the path specified. Continuing...
11/05/2014 05:43:26 PM INFO Processing ]
11/05/2014 05:43:26 PM WARNING Unable to get list of studies from ]. Error 3: The system cannot find the path specified. Continuing...
11/05/2014 05:43:26 PM INFO Stage 1 has finished
11/05/2014 05:43:26 PM INFO Starting stage 2
11/05/2014 05:43:26 PM INFO Connected (version 2.0, client OpenSSH_6.6.1)
11/05/2014 05:43:26 PM INFO Authentication (password) successful!
11/05/2014 05:43:26 PM INFO [chan 1] Opened sftp connection (server version 3)
11/05/2014 05:43:26 PM INFO Connected to 10.0.3.55
11/05/2014 05:43:26 PM INFO Assuming longbeach exists on sftp server
11/05/2014 05:43:26 PM INFO Getting list of uploaded studies
11/05/2014 05:43:26 PM INFO Processing 2014-07-01_(204759)_bed3
11/05/2014 05:43:27 PM INFO In C:\srv\storage\2014-07-01_(204759)_bed3
11/05/2014 05:43:27 PM INFO Creating longbeach/2014-07-01_(204759)_bed3/./VIDEO
11/05/2014 05:43:27 PM INFO Copying C:\srv\storage\2014-07-01_(204759)_bed3\aa Event.dis
11/05/2014 05:43:27 PM INFO Copying C:\srv\storage\2014-07-01_(204759)_bed3\aa Signal 1.dis
11/05/2014 05:43:27 PM INFO Copying C:\srv\storage\2014-07-01_(204759)_bed3\aa Signal.dis
11/05/2014 05:43:27 PM INFO Copying C:\srv\storage\2014-07-01_(204759)_bed3\aa Trend.dis
11/05/2014 05:43:27 PM INFO Copying C:\srv\storage\2014-07-01_(204759)_bed3\aa.wrk
11/05/2014 05:43:27 PM INFO Copying C:\srv\storage\2014-07-01_(204759)_bed3\arousal.nvt
11/05/2014 05:43:27 PM INFO Copying C:\srv\storage\2014-07-01_(204759)_bed3\bed3.CUS
11/05/2014 05:43:27 PM INFO Copying C:\srv\storage\2014-07-01_(204759)_bed3\bed3.IDX
11/05/2014 05:43:27 PM INFO Copying C:\srv\storage\2014-07-01_(204759)_bed3\bed3.inf
11/05/2014 05:43:27 PM INFO Copying C:\srv\storage\2014-07-01_(204759)_bed3\bed3.LOG
11/05/2014 05:43:27 PM INFO Copying C:\srv\storage\2014-07-01_(204759)_bed3\bed3.OBS
11/05/2014 05:43:27 PM INFO Copying C:\srv\storage\2014-07-01_(204759)_bed3\bed3.PAT
11/05/2014 05:43:27 PM INFO Copying C:\srv\storage\2014-07-01_(204759)_bed3\bed3.san
11/05/2014 05:44:16 PM INFO Bedpost took 0:00:51.425000 to complete.
